<?xml version="1.0" encoding="UTF-8"?>
<testng-results ignored="0" total="1" passed="1" failed="0" skipped="0">
  <reporter-output>
  </reporter-output>
  <suite started-at="2019-10-02T22:12:55 EDT" name="Default suite" finished-at="2019-10-02T22:12:55 EDT" duration-ms="125">
    <groups>
    </groups>
    <test started-at="2019-10-02T22:12:55 EDT" name="Default test" finished-at="2019-10-02T22:12:55 EDT" duration-ms="125">
      <class name="employees.emptest">
        <test-method is-config="true" signature="setup()[pri:0, instance:employees.emptest@7f77e91b]" started-at="2019-10-02T22:12:55 EDT" name="setup" finished-at="2019-10-02T22:12:55 EDT" duration-ms="37" status="PASS">
          <reporter-output>
          </reporter-output>
        </test-method> <!-- setup -->
        <test-method signature="testSalarySort()[pri:0, instance:employees.emptest@7f77e91b]" started-at="2019-10-02T22:12:55 EDT" name="testSalarySort" finished-at="2019-10-02T22:12:55 EDT" duration-ms="16" status="PASS">
          <reporter-output>
          </reporter-output>
        </test-method> <!-- testSalarySort -->
      </class> <!-- employees.emptest -->
    </test> <!-- Default test -->
  </suite> <!-- Default suite -->
</testng-results>
